<?xml version="1.0" encoding="UTF-8"?>
<testsuite xmlns:xsi="http://www.w3.org/2001/XMLSchema-instance" xsi:noNamespaceSchemaLocation="https://maven.apache.org/surefire/maven-surefire-plugin/xsd/surefire-test-report.xsd" name="com.hqyj.controller.StudentTest" time="0.524" tests="1" errors="0" skipped="0" failures="0">
  <properties>
    <property name="sun.desktop" value="windows"/>
    <property name="awt.toolkit" value="sun.awt.windows.WToolkit"/>
    <property name="file.encoding.pkg" value="sun.io"/>
    <property name="java.specification.version" value="1.8"/>
    <property name="sun.cpu.isalist" value="amd64"/>
    <property name="sun.jnu.encoding" value="GBK"/>
    <property name="java.class.path" value="D:\Java\maven\maven004\target\test-classes;D:\Java\maven\maven004\target\classes;D:\java\maven\dependencies\junit\junit\4.12\junit-4.12.jar;D:\java\maven\dependencies\org\hamcrest\hamcrest-core\1.3\hamcrest-core-1.3.jar;D:\java\maven\dependencies\org\springframework\spring-core\4.0.2.RELEASE\spring-core-4.0.2.RELEASE.jar;D:\java\maven\dependencies\commons-logging\commons-logging\1.1.3\commons-logging-1.1.3.jar;D:\java\maven\dependencies\org\springframework\spring-web\4.0.2.RELEASE\spring-web-4.0.2.RELEASE.jar;D:\java\maven\dependencies\org\springframework\spring-beans\4.0.2.RELEASE\spring-beans-4.0.2.RELEASE.jar;D:\java\maven\dependencies\org\springframework\spring-context\4.0.2.RELEASE\spring-context-4.0.2.RELEASE.jar;D:\java\maven\dependencies\org\springframework\spring-oxm\4.0.2.RELEASE\spring-oxm-4.0.2.RELEASE.jar;D:\java\maven\dependencies\org\springframework\spring-tx\4.0.2.RELEASE\spring-tx-4.0.2.RELEASE.jar;D:\java\maven\dependencies\org\springframework\spring-jdbc\4.0.2.RELEASE\spring-jdbc-4.0.2.RELEASE.jar;D:\java\maven\dependencies\org\springframework\spring-webmvc\4.0.2.RELEASE\spring-webmvc-4.0.2.RELEASE.jar;D:\java\maven\dependencies\org\springframework\spring-expression\4.0.2.RELEASE\spring-expression-4.0.2.RELEASE.jar;D:\java\maven\dependencies\org\springframework\spring-aop\4.0.2.RELEASE\spring-aop-4.0.2.RELEASE.jar;D:\java\maven\dependencies\aopalliance\aopalliance\1.0\aopalliance-1.0.jar;D:\java\maven\dependencies\org\springframework\spring-context-support\4.0.2.RELEASE\spring-context-support-4.0.2.RELEASE.jar;D:\java\maven\dependencies\org\springframework\spring-test\4.0.2.RELEASE\spring-test-4.0.2.RELEASE.jar;D:\java\maven\dependencies\com\sun\mail\javax.mail\1.6.2\javax.mail-1.6.2.jar;D:\java\maven\dependencies\javax\activation\activation\1.1\activation-1.1.jar;"/>
    <property name="java.vm.vendor" value="Oracle Corporation"/>
    <property name="sun.arch.data.model" value="64"/>
    <property name="user.variant" value=""/>
    <property name="java.vendor.url" value="http://java.oracle.com/"/>
    <property name="user.timezone" value="Asia/Shanghai"/>
    <property name="java.vm.specification.version" value="1.8"/>
    <property name="os.name" value="Windows 10"/>
    <property name="user.country" value="CN"/>
    <property name="sun.java.launcher" value="SUN_STANDARD"/>
    <property name="sun.boot.library.path" value="E:\java\jre\bin"/>
    <property name="sun.java.command" value="C:\Users\admin\AppData\Local\Temp\surefire646117149841104092\surefirebooter4611775888156070401.jar C:\Users\admin\AppData\Local\Temp\surefire646117149841104092 2020-07-15T18-41-14_275-jvmRun1 surefire4015613144965686315tmp surefire_03943995645360908439tmp"/>
    <property name="surefire.test.class.path" value="D:\Java\maven\maven004\target\test-classes;D:\Java\maven\maven004\target\classes;D:\java\maven\dependencies\junit\junit\4.12\junit-4.12.jar;D:\java\maven\dependencies\org\hamcrest\hamcrest-core\1.3\hamcrest-core-1.3.jar;D:\java\maven\dependencies\org\springframework\spring-core\4.0.2.RELEASE\spring-core-4.0.2.RELEASE.jar;D:\java\maven\dependencies\commons-logging\commons-logging\1.1.3\commons-logging-1.1.3.jar;D:\java\maven\dependencies\org\springframework\spring-web\4.0.2.RELEASE\spring-web-4.0.2.RELEASE.jar;D:\java\maven\dependencies\org\springframework\spring-beans\4.0.2.RELEASE\spring-beans-4.0.2.RELEASE.jar;D:\java\maven\dependencies\org\springframework\spring-context\4.0.2.RELEASE\spring-context-4.0.2.RELEASE.jar;D:\java\maven\dependencies\org\springframework\spring-oxm\4.0.2.RELEASE\spring-oxm-4.0.2.RELEASE.jar;D:\java\maven\dependencies\org\springframework\spring-tx\4.0.2.RELEASE\spring-tx-4.0.2.RELEASE.jar;D:\java\maven\dependencies\org\springframework\spring-jdbc\4.0.2.RELEASE\spring-jdbc-4.0.2.RELEASE.jar;D:\java\maven\dependencies\org\springframework\spring-webmvc\4.0.2.RELEASE\spring-webmvc-4.0.2.RELEASE.jar;D:\java\maven\dependencies\org\springframework\spring-expression\4.0.2.RELEASE\spring-expression-4.0.2.RELEASE.jar;D:\java\maven\dependencies\org\springframework\spring-aop\4.0.2.RELEASE\spring-aop-4.0.2.RELEASE.jar;D:\java\maven\dependencies\aopalliance\aopalliance\1.0\aopalliance-1.0.jar;D:\java\maven\dependencies\org\springframework\spring-context-support\4.0.2.RELEASE\spring-context-support-4.0.2.RELEASE.jar;D:\java\maven\dependencies\org\springframework\spring-test\4.0.2.RELEASE\spring-test-4.0.2.RELEASE.jar;D:\java\maven\dependencies\com\sun\mail\javax.mail\1.6.2\javax.mail-1.6.2.jar;D:\java\maven\dependencies\javax\activation\activation\1.1\activation-1.1.jar;"/>
    <property name="sun.cpu.endian" value="little"/>
    <property name="user.home" value="C:\Users\admin"/>
    <property name="user.language" value="zh"/>
    <property name="java.specification.vendor" value="Oracle Corporation"/>
    <property name="java.home" value="E:\java\jre"/>
    <property name="basedir" value="D:\Java\maven\maven004"/>
    <property name="file.separator" value="\"/>
    <property name="line.separator" value="&#10;"/>
    <property name="java.vm.specification.vendor" value="Oracle Corporation"/>
    <property name="java.specification.name" value="Java Platform API Specification"/>
    <property name="java.awt.graphicsenv" value="sun.awt.Win32GraphicsEnvironment"/>
    <property name="surefire.real.class.path" value="C:\Users\admin\AppData\Local\Temp\surefire646117149841104092\surefirebooter4611775888156070401.jar"/>
    <property name="sun.boot.class.path" value="E:\java\jre\lib\resources.jar;E:\java\jre\lib\rt.jar;E:\java\jre\lib\sunrsasign.jar;E:\java\jre\lib\jsse.jar;E:\java\jre\lib\jce.jar;E:\java\jre\lib\charsets.jar;E:\java\jre\lib\jfr.jar;E:\java\jre\classes"/>
    <property name="user.script" value=""/>
    <property name="sun.management.compiler" value="HotSpot 64-Bit Tiered Compilers"/>
    <property name="java.runtime.version" value="1.8.0_121-b13"/>
    <property name="user.name" value="admin"/>
    <property name="path.separator" value=";"/>
    <property name="os.version" value="10.0"/>
    <property name="java.endorsed.dirs" value="E:\java\jre\lib\endorsed"/>
    <property name="java.runtime.name" value="Java(TM) SE Runtime Environment"/>
    <property name="file.encoding" value="GBK"/>
    <property name="java.vm.name" value="Java HotSpot(TM) 64-Bit Server VM"/>
    <property name="localRepository" value="D:\java\maven\dependencies"/>
    <property name="java.vendor.url.bug" value="http://bugreport.sun.com/bugreport/"/>
    <property name="java.io.tmpdir" value="C:\Users\admin\AppData\Local\Temp\"/>
    <property name="java.version" value="1.8.0_121"/>
    <property name="user.dir" value="D:\Java\maven\maven004"/>
    <property name="os.arch" value="amd64"/>
    <property name="java.vm.specification.name" value="Java Virtual Machine Specification"/>
    <property name="java.awt.printerjob" value="sun.awt.windows.WPrinterJob"/>
    <property name="sun.os.patch.level" value=""/>
    <property name="idea.version2019.3.3" value="true"/>
    <property name="java.library.path" value="E:\java\jre\bin;C:\Windows\Sun\Java\bin;C:\Windows\system32;C:\Windows;C:\Windows\system32;C:\Windows;C:\Windows\System32\Wbem;C:\Windows\System32\WindowsPowerShell\v1.0\;C:\Windows\System32\OpenSSH\;E:\java\bin;E:\RJAZ\mysql\bin;D:\Java\apache-maven-3.5.0\bin;C:\Users\admin\AppData\Local\Microsoft\WindowsApps;E:\RJAZ\bantizip\;."/>
    <property name="java.vm.info" value="mixed mode"/>
    <property name="java.vendor" value="Oracle Corporation"/>
    <property name="java.vm.version" value="25.121-b13"/>
    <property name="java.ext.dirs" value="E:\java\jre\lib\ext;C:\Windows\Sun\Java\lib\ext"/>
    <property name="sun.io.unicode.encoding" value="UnicodeLittle"/>
    <property name="java.class.version" value="52.0"/>
  </properties>
  <testcase name="add" classname="com.hqyj.controller.StudentTest" time="0.413"/>
</testsuite>